<?xml version="1.0" encoding="UTF-8"?>
<!-- Generated by org.testng.reporters.JUnitReportReporter -->
<testsuite skipped="0" hostname="sbv6-Vostro-3268" name="com.demo.excel.WriteDateToExcelPOI" tests="1" failures="0" timestamp="11 Dec 2019 10:14:13 GMT" time="54.736" errors="0">
  <testcase name="Register" time="54.736" classname="com.demo.excel.WriteDateToExcelPOI"/>
</testsuite> <!-- com.demo.excel.WriteDateToExcelPOI -->
