<?xml version="1.0" encoding="UTF-8"?>
<!-- Generated by org.testng.reporters.JUnitReportReporter -->
<testsuite skipped="0" hostname="sbv6-Vostro-3268" name="com.demo.excel.DataProvidorToReadExcel" tests="2" failures="0" timestamp="06 Oct 2018 05:41:35 GMT" time="35.114" errors="0">
  <testcase name="login" time="15.156" classname="com.demo.excel.DataProvidorToReadExcel"/>
  <testcase name="login" time="19.958" classname="com.demo.excel.DataProvidorToReadExcel"/>
</testsuite> <!-- com.demo.excel.DataProvidorToReadExcel -->
