<?xml version="1.0" encoding="UTF-8"?>
<!-- Generated by org.testng.reporters.JUnitReportReporter -->
<testsuite skipped="0" hostname="sbv6-Vostro-3268" name="com.demo.excel.DataProvidor" tests="2" failures="0" timestamp="05 Oct 2018 10:49:25 GMT" time="35.881" errors="0">
  <testcase name="login" time="16.664" classname="com.demo.excel.DataProvidor"/>
  <testcase name="login" time="19.217" classname="com.demo.excel.DataProvidor"/>
</testsuite> <!-- com.demo.excel.DataProvidor -->
