<?xml version="1.0" encoding="UTF-8"?>
<!-- Generated by org.testng.reporters.JUnitReportReporter -->
<testsuite skipped="0" hostname="sbv6-Vostro-3268" name="com.demo.excel.Demo" tests="1" failures="0" timestamp="05 Oct 2018 07:03:50 GMT" time="17.133" errors="0">
  <testcase name="register" time="17.133" classname="com.demo.excel.Demo"/>
</testsuite> <!-- com.demo.excel.Demo -->
