<?xml version="1.0" encoding="UTF-8"?>
<!-- Generated by org.testng.reporters.JUnitReportReporter -->
<testsuite skipped="0" hostname="sbv6-Vostro-3268" name="com.demo.excel.DemoBase" tests="1" failures="0" timestamp="05 Oct 2018 05:10:25 GMT" time="19.205" errors="0">
  <testcase name="start" time="19.205" classname="com.demo.excel.DemoBase"/>
</testsuite> <!-- com.demo.excel.DemoBase -->
