<?xml version="1.0" encoding="UTF-8"?>
<!-- Generated by org.testng.reporters.JUnitReportReporter -->
<testsuite skipped="0" hostname="sbv6-Vostro-3268" name="com.demo.excel.DataProvidorToReadExcel" tests="2" failures="0" timestamp="11 Dec 2019 07:04:17 GMT" time="45.935" errors="0">
  <testcase name="login" time="24.696" classname="com.demo.excel.DataProvidorToReadExcel"/>
  <testcase name="login" time="21.239" classname="com.demo.excel.DataProvidorToReadExcel"/>
</testsuite> <!-- com.demo.excel.DataProvidorToReadExcel -->
